============================= test session starts ==============================
platform darwin -- Python 3.14.7, pytest-9.0.2, pluggy-1.6.0 -- /Users/myamaguchi/.local/venvs/ide/bin/python
rootdir: /Users/myamaguchi/Programing/QA-products
plugins: anyio-4.12.1
collecting ... collected 67 items

openspec/changes/spec-driven-qa-author-response-submission/stage/tests/test_submission.py::test_accepted_submission_is_valid PASSED [  1%]
openspec/changes/spec-driven-qa-author-response-submission/stage/tests/test_submission.py::test_shared_core_adapter_resolves_canonical_digest PASSED [  2%]
openspec/changes/spec-driven-qa-author-response-submission/stage/tests/test_submission.py::test_allowed_dispositions_are_accepted[accepted] PASSED [  4%]
openspec/changes/spec-driven-qa-author-response-submission/stage/tests/test_submission.py::test_allowed_dispositions_are_accepted[fix-submitted] PASSED [  5%]
openspec/changes/spec-driven-qa-author-response-submission/stage/tests/test_submission.py::test_allowed_dispositions_are_accepted[rejected-with-evidence] PASSED [  7%]
openspec/changes/spec-driven-qa-author-response-submission/stage/tests/test_submission.py::test_allowed_dispositions_are_accepted[deferred] PASSED [  8%]
openspec/changes/spec-driven-qa-author-response-submission/stage/tests/test_submission.py::test_allowed_dispositions_are_accepted[risk-accepted] PASSED [ 10%]
openspec/changes/spec-driven-qa-author-response-submission/stage/tests/test_submission.py::test_unknown_finding_is_rejected PASSED [ 11%]
openspec/changes/spec-driven-qa-author-response-submission/stage/tests/test_submission.py::test_finding_in_prose_is_not_an_allowed_finding PASSED [ 13%]
openspec/changes/spec-driven-qa-author-response-submission/stage/tests/test_submission.py::test_author_cannot_self_close[closed] PASSED [ 14%]
openspec/changes/spec-driven-qa-author-response-submission/stage/tests/test_submission.py::test_author_cannot_self_close[fixed-and-verified] PASSED [ 16%]
openspec/changes/spec-driven-qa-author-response-submission/stage/tests/test_submission.py::test_stale_digest_is_rejected PASSED [ 17%]
openspec/changes/spec-driven-qa-author-response-submission/stage/tests/test_submission.py::test_content_only_handoff_change_is_rejected PASSED [ 19%]
openspec/changes/spec-driven-qa-author-response-submission/stage/tests/test_submission.py::test_legacy_equivalent_digests_are_rejected PASSED [ 20%]
openspec/changes/spec-driven-qa-author-response-submission/stage/tests/test_submission.py::test_reviewer_owned_fields_are_rejected PASSED [ 22%]
openspec/changes/spec-driven-qa-author-response-submission/stage/tests/test_submission.py::test_filesystem_write_allowlist_rejects_reviewer_paths PASSED [ 23%]
openspec/changes/spec-driven-qa-author-response-submission/stage/tests/test_submission.py::test_file_uri_evidence_is_rejected PASSED [ 25%]
openspec/changes/spec-driven-qa-author-response-submission/stage/tests/test_submission.py::test_missing_evidence_path_is_rejected PASSED [ 26%]
openspec/changes/spec-driven-qa-author-response-submission/stage/tests/test_submission.py::test_absolute_and_workspace_escape_are_rejected PASSED [ 28%]
openspec/changes/spec-driven-qa-author-response-submission/stage/tests/test_submission.py::test_fix_submission_requires_existing_modified_file PASSED [ 29%]
openspec/changes/spec-driven-qa-author-response-submission/stage/tests/test_submission.py::test_base_revision_must_match_handoff PASSED [ 31%]
openspec/changes/spec-driven-qa-author-response-submission/stage/tests/test_submission.py::test_canonical_case_dir_is_required PASSED [ 32%]
openspec/changes/spec-driven-qa-author-response-submission/stage/tests/test_submission.py::test_closed_canonical_findings_are_excluded_from_reviewer_digest PASSED [ 34%]
openspec/changes/spec-driven-qa-author-response-submission/stage/tests/test_submission.py::test_symlink_escape_is_rejected PASSED [ 35%]
openspec/changes/spec-driven-qa-author-response-submission/stage/tests/test_submission.py::test_submission_and_response_are_written_to_author_paths PASSED [ 37%]
openspec/changes/spec-driven-qa-author-response-submission/stage/tests/test_submission.py::test_cli_save_wires_public_submission_path PASSED [ 38%]
openspec/changes/spec-driven-qa-author-response-submission/stage/tests/test_submission.py::test_duplicate_submission_is_rejected PASSED [ 40%]
openspec/changes/spec-driven-qa-reviewer-case-lifecycle/stage/tests/test_allowlist.py::test_reviewer_writable_paths PASSED [ 41%]
openspec/changes/spec-driven-qa-reviewer-case-lifecycle/stage/tests/test_allowlist.py::test_reviewer_rejects_unallowed_paths PASSED [ 43%]
openspec/changes/spec-driven-qa-reviewer-case-lifecycle/stage/tests/test_allowlist.py::test_author_cannot_write_reviewer_canonical_files PASSED [ 44%]
openspec/changes/spec-driven-qa-reviewer-case-lifecycle/stage/tests/test_allowlist.py::test_operations_mapping PASSED [ 46%]
openspec/changes/spec-driven-qa-reviewer-case-lifecycle/stage/tests/test_cycle_and_close.py::test_cycle_limit_escalates_to_adjudication PASSED [ 47%]
openspec/changes/spec-driven-qa-reviewer-case-lifecycle/stage/tests/test_cycle_and_close.py::test_close_case_success_with_verified_critical_and_open_low PASSED [ 49%]
openspec/changes/spec-driven-qa-reviewer-case-lifecycle/stage/tests/test_cycle_and_close.py::test_close_case_rejects_unresolved_markers_or_critical PASSED [ 50%]
openspec/changes/spec-driven-qa-reviewer-case-lifecycle/stage/tests/test_e2e_lifecycle.py::test_full_lifecycle_e2e PASSED [ 52%]
openspec/changes/spec-driven-qa-reviewer-case-lifecycle/stage/tests/test_findings_and_traceability.py::test_record_findings_success PASSED [ 53%]
openspec/changes/spec-driven-qa-reviewer-case-lifecycle/stage/tests/test_findings_and_traceability.py::test_record_findings_missing_evidence_or_classification_rejected PASSED [ 55%]
openspec/changes/spec-driven-qa-reviewer-case-lifecycle/stage/tests/test_handoff.py::test_render_handoff PASSED [ 56%]
openspec/changes/spec-driven-qa-reviewer-case-lifecycle/stage/tests/test_imports_std_only.py::test_reviewer_runtime_imports_only_stdlib PASSED [ 58%]
openspec/changes/spec-driven-qa-reviewer-case-lifecycle/stage/tests/test_init_case.py::test_init_case_success PASSED [ 59%]
openspec/changes/spec-driven-qa-reviewer-case-lifecycle/stage/tests/test_init_case.py::test_init_case_missing_target_or_purpose PASSED [ 61%]
openspec/changes/spec-driven-qa-reviewer-case-lifecycle/stage/tests/test_init_case.py::test_init_case_invalid_profile PASSED [ 62%]
openspec/changes/spec-driven-qa-reviewer-case-lifecycle/stage/tests/test_launcher.py::test_reviewer_launcher_help PASSED [ 64%]
openspec/changes/spec-driven-qa-reviewer-case-lifecycle/stage/tests/test_launcher.py::test_reviewer_launcher_cli_init_case PASSED [ 65%]
openspec/changes/spec-driven-qa-reviewer-case-lifecycle/stage/tests/test_launcher.py::test_reviewer_launcher_missing_shared_core PASSED [ 67%]
openspec/changes/spec-driven-qa-reviewer-case-lifecycle/stage/tests/test_verification.py::test_verify_submission_success PASSED [ 68%]
openspec/changes/spec-driven-qa-reviewer-case-lifecycle/stage/tests/test_verification.py::test_verify_submission_rejects_missing_handoff_or_base_revision PASSED [ 70%]
openspec/changes/spec-driven-qa-reviewer-case-lifecycle/stage/tests/test_verification.py::test_verify_submission_rejects_self_close PASSED [ 71%]
openspec/changes/spec-driven-qa-reviewer-case-lifecycle/stage/tests/test_verification_integrity.py::test_compute_handoff_digests_stable PASSED [ 73%]
openspec/changes/spec-driven-qa-reviewer-case-lifecycle/stage/tests/test_verification_integrity.py::test_semantic_change_is_distinguished PASSED [ 74%]
openspec/changes/spec-driven-qa-reviewer-case-lifecycle/stage/tests/test_verification_integrity.py::test_multiple_cycles_have_distinct_digest_inputs PASSED [ 76%]
openspec/changes/spec-driven-qa-reviewer-case-lifecycle/stage/tests/test_verification_integrity.py::test_unknown_digest_version_is_rejected PASSED [ 77%]
openspec/changes/spec-driven-qa-reviewer-case-lifecycle/stage/tests/test_verification_integrity.py::test_handoff_content_normalization_ignores_formatting_and_volatile_fields PASSED [ 79%]
openspec/changes/spec-driven-qa-reviewer-case-lifecycle/stage/tests/test_verification_integrity.py::test_secret_values_are_rejected_from_digest_input PASSED [ 80%]
openspec/changes/spec-driven-qa-reviewer-case-lifecycle/stage/tests/test_verification_integrity.py::test_content_only_handoff_change_is_detected PASSED [ 82%]
openspec/changes/spec-driven-qa-reviewer-case-lifecycle/stage/tests/test_verification_integrity.py::test_classify_evidence_ref_kinds PASSED [ 83%]
openspec/changes/spec-driven-qa-reviewer-case-lifecycle/stage/tests/test_verification_integrity.py::test_verify_rejects_stale_semantic_digest PASSED [ 85%]
openspec/changes/spec-driven-qa-reviewer-case-lifecycle/stage/tests/test_verification_integrity.py::test_verify_rejects_stale_content_digest PASSED [ 86%]
openspec/changes/spec-driven-qa-reviewer-case-lifecycle/stage/tests/test_verification_integrity.py::test_verify_accepts_fresh_digest_golden PASSED [ 88%]
openspec/changes/spec-driven-qa-reviewer-case-lifecycle/stage/tests/test_verification_integrity.py::test_verify_rejects_absolute_and_file_uri_evidence PASSED [ 89%]
openspec/changes/spec-driven-qa-reviewer-case-lifecycle/stage/tests/test_verification_integrity.py::test_verify_accepts_existing_relative_evidence_path PASSED [ 91%]
openspec/changes/spec-driven-qa-reviewer-case-lifecycle/stage/tests/test_verification_integrity.py::test_verify_rejects_missing_relative_evidence_path PASSED [ 92%]
openspec/changes/spec-driven-qa-reviewer-case-lifecycle/stage/tests/test_verification_integrity.py::test_verify_rejects_empty_or_missing_modified_files PASSED [ 94%]
openspec/changes/spec-driven-qa-reviewer-case-lifecycle/stage/tests/test_verification_integrity.py::test_verify_rejects_missing_modified_file_path PASSED [ 95%]
openspec/changes/spec-driven-qa-reviewer-case-lifecycle/stage/tests/test_verification_integrity.py::test_verify_rejects_absolute_modified_file_outside_workspace PASSED [ 97%]
openspec/changes/spec-driven-qa-reviewer-case-lifecycle/stage/tests/test_verification_integrity.py::test_verify_rejects_dotdot_modified_file_outside_workspace PASSED [ 98%]
openspec/changes/spec-driven-qa-reviewer-case-lifecycle/stage/tests/test_verification_integrity.py::test_verify_rejects_symlink_modified_file_outside_workspace PASSED [100%]

============================== 67 passed in 0.25s ==============================
